<?xml version="1.0" encoding="UTF-8"?>
<!-- Generated by org.testng.reporters.JUnitReportReporter -->
<testsuite skipped="0" hostname="spraikar" name="scripts.VerifyActiTimeVersion" tests="1" failures="0" timestamp="17 Nov 2018 18:50:36 GMT" time="16.835" errors="0">
  <testcase name="testVerifyActiTimeVersion" time="16.835" classname="scripts.VerifyActiTimeVersion"/>
</testsuite> <!-- scripts.VerifyActiTimeVersion -->
