<?xml version="1.0" encoding="UTF-8"?>
<!-- Generated by org.testng.reporters.JUnitReportReporter -->
<testsuite skipped="0" hostname="spraikar" name="scripts.InvalidLogin" tests="1" failures="0" timestamp="17 Nov 2018 18:50:36 GMT" time="32.140" errors="0">
  <testcase name="testInvalidLogin" time="32.140" classname="scripts.InvalidLogin"/>
</testsuite> <!-- scripts.InvalidLogin -->
