<?xml version="1.0" encoding="UTF-8"?>
<!-- Generated by org.testng.reporters.JUnitReportReporter -->
<testsuite skipped="0" hostname="spraikar" name="scripts.ValidLoginLogout" tests="1" failures="0" timestamp="17 Nov 2018 18:50:36 GMT" time="15.105" errors="0">
  <testcase name="testValidLoginLogout" time="15.105" classname="scripts.ValidLoginLogout"/>
</testsuite> <!-- scripts.ValidLoginLogout -->
